<?xml version="1.0" encoding="UTF-8"?>
<!-- Generated by org.testng.reporters.JUnitReportReporter -->
<testsuite hostname="ng_desktop" failures="0" tests="10" name="TestNGParametersExample1.InvocationExamp" time="0.011" errors="0" timestamp="2023-06-13T08:35:58 EDT" skipped="0">
  <testcase classname="TestNGParametersExample1.InvocationExamp" name="myMessage" time="0.000"/>
  <system-out/>
  <testcase classname="TestNGParametersExample1.InvocationExamp" name="myMessage" time="0.001"/>
  <system-out/>
  <testcase classname="TestNGParametersExample1.InvocationExamp" name="myMessage" time="0.001"/>
  <system-out/>
  <testcase classname="TestNGParametersExample1.InvocationExamp" name="myMessage" time="0.000"/>
  <system-out/>
  <testcase classname="TestNGParametersExample1.InvocationExamp" name="myMessage" time="0.001"/>
  <system-out/>
  <testcase classname="TestNGParametersExample1.InvocationExamp" name="myMessage" time="0.001"/>
  <system-out/>
  <testcase classname="TestNGParametersExample1.InvocationExamp" name="myMessage" time="0.000"/>
  <system-out/>
  <testcase classname="TestNGParametersExample1.InvocationExamp" name="myMessage" time="0.006"/>
  <system-out/>
  <testcase classname="TestNGParametersExample1.InvocationExamp" name="myMessage" time="0.001"/>
  <system-out/>
  <testcase classname="TestNGParametersExample1.InvocationExamp" name="myMessage" time="0.000"/>
  <system-out/>
</testsuite> <!-- TestNGParametersExample1.InvocationExamp -->
